c:\users\florin\desktop\computer-vision-application\src\computer-vision\debug\opencvapplication.pch
c:\users\florin\desktop\computer-vision-application\src\computer-vision\debug\vc141.pdb
c:\users\florin\desktop\computer-vision-application\src\computer-vision\debug\vc141.idb
c:\users\florin\desktop\computer-vision-application\src\computer-vision\debug\stdafx.obj
c:\users\florin\desktop\computer-vision-application\src\computer-vision\debug\opencvapplication.obj
c:\users\florin\desktop\computer-vision-application\src\computer-vision\debug\common.obj
c:\users\florin\desktop\jpeg-compresssion\src\jpeg-compression\debug\opencvapplication.pch
c:\users\florin\desktop\jpeg-compresssion\src\jpeg-compression\debug\vc141.pdb
c:\users\florin\desktop\jpeg-compresssion\src\jpeg-compression\debug\vc141.idb
c:\users\florin\desktop\jpeg-compresssion\src\jpeg-compression\debug\stdafx.obj
c:\users\florin\desktop\jpeg-compresssion\src\jpeg-compression\debug\opencvapplication.obj
c:\users\florin\desktop\jpeg-compresssion\src\jpeg-compression\debug\common.obj
c:\users\florin\desktop\computer-vision-application\src\computer-vision\debug\opencvapplication.exe
c:\users\florin\desktop\computer-vision-application\src\computer-vision\debug\opencvapplication.ilk
c:\users\florin\desktop\computer-vision-application\src\computer-vision\debug\opencvapplication.pdb
c:\users\florin\desktop\jpeg-compresssion\src\jpeg-compression\debug\opencvapplication.exe
c:\users\florin\desktop\jpeg-compresssion\src\jpeg-compression\debug\opencvapplication.ilk
c:\users\florin\desktop\jpeg-compresssion\src\jpeg-compression\debug\opencvapplication.pdb
c:\users\florin\desktop\jpeg-compresssion\src\jpeg-compression\debug\opencvap.32a91de2.tlog\cl.command.1.tlog
c:\users\florin\desktop\jpeg-compresssion\src\jpeg-compression\debug\opencvap.32a91de2.tlog\cl.read.1.tlog
c:\users\florin\desktop\jpeg-compresssion\src\jpeg-compression\debug\opencvap.32a91de2.tlog\cl.write.1.tlog
c:\users\florin\desktop\jpeg-compresssion\src\jpeg-compression\debug\opencvap.32a91de2.tlog\link.command.1.tlog
c:\users\florin\desktop\jpeg-compresssion\src\jpeg-compression\debug\opencvap.32a91de2.tlog\link.read.1.tlog
c:\users\florin\desktop\jpeg-compresssion\src\jpeg-compression\debug\opencvap.32a91de2.tlog\link.write.1.tlog
